Flutter crash report; please file at https://github.com/flutter/flutter/issues.

## command

flutter build flx --suppress-analytics --target /Users/clown/Desktop/Flutter/gallery/lib/main.dart --output-file /Users/clown/Desktop/Flutter/gallery/build/app/intermediates/flutter/debug/app.flx --snapshot /Users/clown/Desktop/Flutter/gallery/build/app/intermediates/flutter/debug/snapshot_blob.bin --depfile /Users/clown/Desktop/Flutter/gallery/build/app/intermediates/flutter/debug/snapshot_blob.bin.d --working-dir /Users/clown/Desktop/Flutter/gallery/build/app/intermediates/flutter/debug/flx

## exception

FileSystemException: FileSystemException: Directory listing failed, path = '/Users/clown/Desktop/Flutter/gallery/lib/gallery/gallery/' (OS Error: No such file or directory, errno = 2)

```
#0      _Directory._fillWithDirectoryListing (dart:io-patch/directory_patch.dart:28)
#1      _Directory.listSync (dart:io/directory_impl.dart:202)
#2      _LocalFileSystemEntity&ForwardingDirectory.listSync (package:file/src/forwarding/forwarding_directory.dart:43)
#3      _AssetDirectoryCache.variantsFor (package:flutter_tools/src/asset.dart:407)
#4      _parseAssets (package:flutter_tools/src/asset.dart:454)
#5      AssetBundle.build (package:flutter_tools/src/asset.dart:106)
<asynchronous suspension>
#6      assemble (package:flutter_tools/src/flx.dart:110)
<asynchronous suspension>
#7      build (package:flutter_tools/src/flx.dart:79)
<asynchronous suspension>
#8      BuildFlxCommand.runCommand (package:flutter_tools/src/commands/build_flx.dart:44)
<asynchronous suspension>
#9      FlutterCommand.verifyThenRunCommand (package:flutter_tools/src/runner/flutter_command.dart:239)
<asynchronous suspension>
#10     BuildSubCommand.verifyThenRunCommand (package:flutter_tools/src/commands/build.dart:50)
<asynchronous suspension>
#11     FlutterCommand.run (package:flutter_tools/src/runner/flutter_command.dart:181)
<asynchronous suspension>
#12     CommandRunner.runCommand (package:args/command_runner.dart:194)
<asynchronous suspension>
#13     FlutterCommandRunner.runCommand (package:flutter_tools/src/runner/flutter_command_runner.dart:276)
<asynchronous suspension>
#14     CommandRunner.run.<anonymous closure> (package:args/command_runner.dart:109)
#15     new Future.sync (dart:async/future.dart:222)
#16     CommandRunner.run (package:args/command_runner.dart:109)
#17     FlutterCommandRunner.run (package:flutter_tools/src/runner/flutter_command_runner.dart:161)
#18     run.<anonymous closure> (package:flutter_tools/executable.dart:143)
<asynchronous suspension>
#19     AppContext._run (package:flutter_tools/src/base/context.dart:76)
<asynchronous suspension>
#20     AppContext.runInZone.<anonymous closure> (package:flutter_tools/src/base/context.dart:66)
#21     _rootRun (dart:async/zone.dart:1120)
#22     _CustomZone.run (dart:async/zone.dart:1001)
#23     runZoned (dart:async/zone.dart:1467)
#24     AppContext.runInZone (package:flutter_tools/src/base/context.dart:65)
#25     run (package:flutter_tools/executable.dart:114)
<asynchronous suspension>
#26     main (package:flutter_tools/executable.dart:67)
<asynchronous suspension>
#27     main (file:///Users/clown/flutter/packages/flutter_tools/bin/flutter_tools.dart:16)
#28     _startIsolate.<anonymous closure> (dart:isolate-patch/isolate_patch.dart:263)
#29     _RawReceivePortImpl._handleMessage (dart:isolate-patch/isolate_patch.dart:151)
```

## flutter doctor

```
[✓] Flutter (on Mac OS X 10.12.4 16E195, locale en-CN, channel alpha)
    • Flutter at /Users/clown/flutter
    • Framework revision 701d534ba9 (12 days ago), 2017-09-12 14:01:51 -0700
    • Engine revision 31d03de019
    • Tools Dart version 1.25.0-dev.11.0

[✓] Android toolchain - develop for Android devices (Android SDK 25.0.3)
    • Android SDK at /Users/clown/Library/Android/sdk
    • Platform android-25, build-tools 25.0.3
    • ANDROID_HOME = /Users/clown/Library/Android/sdk
    • Java binary at: /Applications/Android Studio.app/Contents/jre/jdk/Contents/Home/bin/java
    • Java version OpenJDK Runtime Environment (build 1.8.0_112-release-b06)

[-] iOS toolchain - develop for iOS devices (Xcode 8.2)
    • Xcode at /Applications/Xcode.app/Contents/Developer
    • Xcode 8.2, Build version 8C38
    • ios-deploy 1.9.1
    ✗ ios-deploy out of date (1.9.2 is required). To upgrade:
        brew upgrade ios-deploy
    ✗ CocoaPods not installed.
        CocoaPods is used to retrieve the iOS platform side's plugin code that responds to your plugin usage on the Dart side.
        Without resolving iOS dependencies with CocoaPods, plugins will not work on iOS.
        For more info, see https://flutter.io/platform-plugins
      To install:
        brew install cocoapods
        pod setup

[✓] Android Studio
    • Android Studio at /Applications/Android Studio 3.0 Preview.app/Contents
    • Java version OpenJDK Runtime Environment (build 1.8.0_112-release-b736)

[✓] Android Studio (version 2.3)
    • Android Studio at /Applications/Android Studio.app/Contents
    • Java version OpenJDK Runtime Environment (build 1.8.0_112-release-b06)

[✓] IntelliJ IDEA Ultimate Edition (version 2017.1.5)
    • Flutter plugin version 16.0
    • Dart plugin version 171.4694.29

[✓] Connected devices
    • ZUK Z2131 • 9e6bf666 • android-arm • Android 7.0 (API 24)

```
